INFO  09:52:07 Application started. Press Ctrl+C to shut down.
INFO  09:52:07 Application started. Press Ctrl+C to shut down.
INFO  09:52:07 Hosting environment: Development
INFO  09:52:07 Hosting environment: Development
INFO  09:52:07 Content root path: E:\Cognizant Post Joining\MFPE\Pension-Management-Portal
INFO  09:52:07 Content root path: E:\Cognizant Post Joining\MFPE\Pension-Management-Portal
INFO  09:52:31 Post Login is called
ERROR 09:52:37 An unhandled exception has occurred while executing the request.
System.ArgumentNullException: String reference not set to an instance of a String. (Parameter 's')
   at System.Text.Encoding.GetBytes(String s)
   at Microsoft.AspNetCore.Http.SessionExtensions.SetString(ISession session, String key, String value)
   at Pension_Management_Portal.Controllers.PensionController.Login(Login cred) in E:\Cognizant Post Joining\MFPE\Pension-Management-Portal\Controllers\PensionController.cs:line 57
   at lambda_method(Closure , Object )
   at Microsoft.Extensions.Internal.ObjectMethodExecutorAwaitable.Awaiter.GetResult()
   at Microsoft.AspNetCore.Mvc.Infrastructure.ActionMethodExecutor.TaskOfActionResultExecutor.Execute(IActionResultTypeMapper mapper, ObjectMethodExecutor executor, Object controller, Object[] arguments)
   at Microsoft.AspNetCore.Mvc.Infrastructure.ControllerActionInvoker.<InvokeActionMethodAsync>g__Awaited|12_0(ControllerActionInvoker invoker, ValueTask`1 actionResultValueTask)
   at Microsoft.AspNetCore.Mvc.Infrastructure.ControllerActionInvoker.<InvokeNextActionFilterAsync>g__Awaited|10_0(ControllerActionInvoker invoker, Task lastTask, State next, Scope scope, Object state, Boolean isCompleted)
   at Microsoft.AspNetCore.Mvc.Infrastructure.ControllerActionInvoker.Rethrow(ActionExecutedContextSealed context)
   at Microsoft.AspNetCore.Mvc.Infrastructure.ControllerActionInvoker.Next(State& next, Scope& scope, Object& state, Boolean& isCompleted)
   at Microsoft.AspNetCore.Mvc.Infrastructure.ControllerActionInvoker.<InvokeInnerFilterAsync>g__Awaited|13_0(ControllerActionInvoker invoker, Task lastTask, State next, Scope scope, Object state, Boolean isCompleted)
   at Microsoft.AspNetCore.Mvc.Infrastructure.ResourceInvoker.<InvokeNextResourceFilter>g__Awaited|24_0(ResourceInvoker invoker, Task lastTask, State next, Scope scope, Object state, Boolean isCompleted)
   at Microsoft.AspNetCore.Mvc.Infrastructure.ResourceInvoker.Rethrow(ResourceExecutedContextSealed context)
   at Microsoft.AspNetCore.Mvc.Infrastructure.ResourceInvoker.Next(State& next, Scope& scope, Object& state, Boolean& isCompleted)
   at Microsoft.AspNetCore.Mvc.Infrastructure.ResourceInvoker.<InvokeFilterPipelineAsync>g__Awaited|19_0(ResourceInvoker invoker, Task lastTask, State next, Scope scope, Object state, Boolean isCompleted)
   at Microsoft.AspNetCore.Mvc.Infrastructure.ResourceInvoker.<InvokeAsync>g__Awaited|17_0(ResourceInvoker invoker, Task task, IDisposable scope)
   at Microsoft.AspNetCore.Routing.EndpointMiddleware.<Invoke>g__AwaitRequestTask|6_0(Endpoint endpoint, Task requestTask, ILogger logger)
   at Microsoft.AspNetCore.Authorization.AuthorizationMiddleware.Invoke(HttpContext context)
   at Microsoft.AspNetCore.Session.SessionMiddleware.Invoke(HttpContext context)
   at Microsoft.AspNetCore.Session.SessionMiddleware.Invoke(HttpContext context)
   at Microsoft.AspNetCore.Diagnostics.DeveloperExceptionPageMiddleware.Invoke(HttpContext context)
ERROR 09:52:37 An unhandled exception has occurred while executing the request.
System.ArgumentNullException: String reference not set to an instance of a String. (Parameter 's')
   at System.Text.Encoding.GetBytes(String s)
   at Microsoft.AspNetCore.Http.SessionExtensions.SetString(ISession session, String key, String value)
   at Pension_Management_Portal.Controllers.PensionController.Login(Login cred) in E:\Cognizant Post Joining\MFPE\Pension-Management-Portal\Controllers\PensionController.cs:line 57
   at lambda_method(Closure , Object )
   at Microsoft.Extensions.Internal.ObjectMethodExecutorAwaitable.Awaiter.GetResult()
   at Microsoft.AspNetCore.Mvc.Infrastructure.ActionMethodExecutor.TaskOfActionResultExecutor.Execute(IActionResultTypeMapper mapper, ObjectMethodExecutor executor, Object controller, Object[] arguments)
   at Microsoft.AspNetCore.Mvc.Infrastructure.ControllerActionInvoker.<InvokeActionMethodAsync>g__Awaited|12_0(ControllerActionInvoker invoker, ValueTask`1 actionResultValueTask)
   at Microsoft.AspNetCore.Mvc.Infrastructure.ControllerActionInvoker.<InvokeNextActionFilterAsync>g__Awaited|10_0(ControllerActionInvoker invoker, Task lastTask, State next, Scope scope, Object state, Boolean isCompleted)
   at Microsoft.AspNetCore.Mvc.Infrastructure.ControllerActionInvoker.Rethrow(ActionExecutedContextSealed context)
   at Microsoft.AspNetCore.Mvc.Infrastructure.ControllerActionInvoker.Next(State& next, Scope& scope, Object& state, Boolean& isCompleted)
   at Microsoft.AspNetCore.Mvc.Infrastructure.ControllerActionInvoker.<InvokeInnerFilterAsync>g__Awaited|13_0(ControllerActionInvoker invoker, Task lastTask, State next, Scope scope, Object state, Boolean isCompleted)
   at Microsoft.AspNetCore.Mvc.Infrastructure.ResourceInvoker.<InvokeNextResourceFilter>g__Awaited|24_0(ResourceInvoker invoker, Task lastTask, State next, Scope scope, Object state, Boolean isCompleted)
   at Microsoft.AspNetCore.Mvc.Infrastructure.ResourceInvoker.Rethrow(ResourceExecutedContextSealed context)
   at Microsoft.AspNetCore.Mvc.Infrastructure.ResourceInvoker.Next(State& next, Scope& scope, Object& state, Boolean& isCompleted)
   at Microsoft.AspNetCore.Mvc.Infrastructure.ResourceInvoker.<InvokeFilterPipelineAsync>g__Awaited|19_0(ResourceInvoker invoker, Task lastTask, State next, Scope scope, Object state, Boolean isCompleted)
   at Microsoft.AspNetCore.Mvc.Infrastructure.ResourceInvoker.<InvokeAsync>g__Awaited|17_0(ResourceInvoker invoker, Task task, IDisposable scope)
   at Microsoft.AspNetCore.Routing.EndpointMiddleware.<Invoke>g__AwaitRequestTask|6_0(Endpoint endpoint, Task requestTask, ILogger logger)
   at Microsoft.AspNetCore.Authorization.AuthorizationMiddleware.Invoke(HttpContext context)
   at Microsoft.AspNetCore.Session.SessionMiddleware.Invoke(HttpContext context)
   at Microsoft.AspNetCore.Session.SessionMiddleware.Invoke(HttpContext context)
   at Microsoft.AspNetCore.Diagnostics.DeveloperExceptionPageMiddleware.Invoke(HttpContext context)
INFO  09:55:13 Application started. Press Ctrl+C to shut down.
INFO  09:55:13 Application started. Press Ctrl+C to shut down.
INFO  09:55:13 Hosting environment: Development
INFO  09:55:13 Hosting environment: Development
INFO  09:55:13 Content root path: E:\Cognizant Post Joining\MFPE\Pension-Management-Portal
INFO  09:55:13 Content root path: E:\Cognizant Post Joining\MFPE\Pension-Management-Portal
INFO  09:55:50 Post Login is called
INFO  09:58:19 Post Login is called
ERROR 10:05:08 An unhandled exception has occurred while executing the request.
System.ArgumentNullException: String reference not set to an instance of a String. (Parameter 's')
   at System.Text.Encoding.GetBytes(String s)
   at Microsoft.AspNetCore.Http.SessionExtensions.SetString(ISession session, String key, String value)
   at Pension_Management_Portal.Controllers.PensionController.Login(Login cred) in E:\Cognizant Post Joining\MFPE\Pension-Management-Portal\Controllers\PensionController.cs:line 57
   at lambda_method(Closure , Object )
   at Microsoft.Extensions.Internal.ObjectMethodExecutorAwaitable.Awaiter.GetResult()
   at Microsoft.AspNetCore.Mvc.Infrastructure.ActionMethodExecutor.TaskOfActionResultExecutor.Execute(IActionResultTypeMapper mapper, ObjectMethodExecutor executor, Object controller, Object[] arguments)
   at Microsoft.AspNetCore.Mvc.Infrastructure.ControllerActionInvoker.<InvokeActionMethodAsync>g__Awaited|12_0(ControllerActionInvoker invoker, ValueTask`1 actionResultValueTask)
   at Microsoft.AspNetCore.Mvc.Infrastructure.ControllerActionInvoker.<InvokeNextActionFilterAsync>g__Awaited|10_0(ControllerActionInvoker invoker, Task lastTask, State next, Scope scope, Object state, Boolean isCompleted)
   at Microsoft.AspNetCore.Mvc.Infrastructure.ControllerActionInvoker.Rethrow(ActionExecutedContextSealed context)
   at Microsoft.AspNetCore.Mvc.Infrastructure.ControllerActionInvoker.Next(State& next, Scope& scope, Object& state, Boolean& isCompleted)
   at Microsoft.AspNetCore.Mvc.Infrastructure.ControllerActionInvoker.<InvokeInnerFilterAsync>g__Awaited|13_0(ControllerActionInvoker invoker, Task lastTask, State next, Scope scope, Object state, Boolean isCompleted)
   at Microsoft.AspNetCore.Mvc.Infrastructure.ResourceInvoker.<InvokeNextResourceFilter>g__Awaited|24_0(ResourceInvoker invoker, Task lastTask, State next, Scope scope, Object state, Boolean isCompleted)
   at Microsoft.AspNetCore.Mvc.Infrastructure.ResourceInvoker.Rethrow(ResourceExecutedContextSealed context)
   at Microsoft.AspNetCore.Mvc.Infrastructure.ResourceInvoker.Next(State& next, Scope& scope, Object& state, Boolean& isCompleted)
   at Microsoft.AspNetCore.Mvc.Infrastructure.ResourceInvoker.<InvokeFilterPipelineAsync>g__Awaited|19_0(ResourceInvoker invoker, Task lastTask, State next, Scope scope, Object state, Boolean isCompleted)
   at Microsoft.AspNetCore.Mvc.Infrastructure.ResourceInvoker.<InvokeAsync>g__Awaited|17_0(ResourceInvoker invoker, Task task, IDisposable scope)
   at Microsoft.AspNetCore.Routing.EndpointMiddleware.<Invoke>g__AwaitRequestTask|6_0(Endpoint endpoint, Task requestTask, ILogger logger)
   at Microsoft.AspNetCore.Authorization.AuthorizationMiddleware.Invoke(HttpContext context)
   at Microsoft.AspNetCore.Session.SessionMiddleware.Invoke(HttpContext context)
   at Microsoft.AspNetCore.Session.SessionMiddleware.Invoke(HttpContext context)
   at Microsoft.AspNetCore.Diagnostics.DeveloperExceptionPageMiddleware.Invoke(HttpContext context)
ERROR 10:05:08 An unhandled exception has occurred while executing the request.
System.ArgumentNullException: String reference not set to an instance of a String. (Parameter 's')
   at System.Text.Encoding.GetBytes(String s)
   at Microsoft.AspNetCore.Http.SessionExtensions.SetString(ISession session, String key, String value)
   at Pension_Management_Portal.Controllers.PensionController.Login(Login cred) in E:\Cognizant Post Joining\MFPE\Pension-Management-Portal\Controllers\PensionController.cs:line 57
   at lambda_method(Closure , Object )
   at Microsoft.Extensions.Internal.ObjectMethodExecutorAwaitable.Awaiter.GetResult()
   at Microsoft.AspNetCore.Mvc.Infrastructure.ActionMethodExecutor.TaskOfActionResultExecutor.Execute(IActionResultTypeMapper mapper, ObjectMethodExecutor executor, Object controller, Object[] arguments)
   at Microsoft.AspNetCore.Mvc.Infrastructure.ControllerActionInvoker.<InvokeActionMethodAsync>g__Awaited|12_0(ControllerActionInvoker invoker, ValueTask`1 actionResultValueTask)
   at Microsoft.AspNetCore.Mvc.Infrastructure.ControllerActionInvoker.<InvokeNextActionFilterAsync>g__Awaited|10_0(ControllerActionInvoker invoker, Task lastTask, State next, Scope scope, Object state, Boolean isCompleted)
   at Microsoft.AspNetCore.Mvc.Infrastructure.ControllerActionInvoker.Rethrow(ActionExecutedContextSealed context)
   at Microsoft.AspNetCore.Mvc.Infrastructure.ControllerActionInvoker.Next(State& next, Scope& scope, Object& state, Boolean& isCompleted)
   at Microsoft.AspNetCore.Mvc.Infrastructure.ControllerActionInvoker.<InvokeInnerFilterAsync>g__Awaited|13_0(ControllerActionInvoker invoker, Task lastTask, State next, Scope scope, Object state, Boolean isCompleted)
   at Microsoft.AspNetCore.Mvc.Infrastructure.ResourceInvoker.<InvokeNextResourceFilter>g__Awaited|24_0(ResourceInvoker invoker, Task lastTask, State next, Scope scope, Object state, Boolean isCompleted)
   at Microsoft.AspNetCore.Mvc.Infrastructure.ResourceInvoker.Rethrow(ResourceExecutedContextSealed context)
   at Microsoft.AspNetCore.Mvc.Infrastructure.ResourceInvoker.Next(State& next, Scope& scope, Object& state, Boolean& isCompleted)
   at Microsoft.AspNetCore.Mvc.Infrastructure.ResourceInvoker.<InvokeFilterPipelineAsync>g__Awaited|19_0(ResourceInvoker invoker, Task lastTask, State next, Scope scope, Object state, Boolean isCompleted)
   at Microsoft.AspNetCore.Mvc.Infrastructure.ResourceInvoker.<InvokeAsync>g__Awaited|17_0(ResourceInvoker invoker, Task task, IDisposable scope)
   at Microsoft.AspNetCore.Routing.EndpointMiddleware.<Invoke>g__AwaitRequestTask|6_0(Endpoint endpoint, Task requestTask, ILogger logger)
   at Microsoft.AspNetCore.Authorization.AuthorizationMiddleware.Invoke(HttpContext context)
   at Microsoft.AspNetCore.Session.SessionMiddleware.Invoke(HttpContext context)
   at Microsoft.AspNetCore.Session.SessionMiddleware.Invoke(HttpContext context)
   at Microsoft.AspNetCore.Diagnostics.DeveloperExceptionPageMiddleware.Invoke(HttpContext context)
INFO  10:10:45 Application started. Press Ctrl+C to shut down.
INFO  10:10:45 Application started. Press Ctrl+C to shut down.
INFO  10:10:45 Hosting environment: Development
INFO  10:10:45 Hosting environment: Development
INFO  10:10:45 Content root path: E:\Cognizant Post Joining\MFPE\Pension-Management-Portal
INFO  10:10:45 Content root path: E:\Cognizant Post Joining\MFPE\Pension-Management-Portal
INFO  10:11:10 Post Login is called
ERROR 10:11:53 The view 'PensionPortal' was not found. Searched locations: /Views/Pension/PensionPortal.cshtml, /Views/Shared/PensionPortal.cshtml, /Pages/Shared/PensionPortal.cshtml
ERROR 10:11:53 The view 'PensionPortal' was not found. Searched locations: /Views/Pension/PensionPortal.cshtml, /Views/Shared/PensionPortal.cshtml, /Pages/Shared/PensionPortal.cshtml
ERROR 10:11:53 An unhandled exception has occurred while executing the request.
System.InvalidOperationException: The view 'PensionPortal' was not found. The following locations were searched:
/Views/Pension/PensionPortal.cshtml
/Views/Shared/PensionPortal.cshtml
/Pages/Shared/PensionPortal.cshtml
   at Microsoft.AspNetCore.Mvc.ViewEngines.ViewEngineResult.EnsureSuccessful(IEnumerable`1 originalLocations)
   at Microsoft.AspNetCore.Mvc.ViewFeatures.ViewResultExecutor.ExecuteAsync(ActionContext context, ViewResult result)
   at Microsoft.AspNetCore.Mvc.ViewResult.ExecuteResultAsync(ActionContext context)
   at Microsoft.AspNetCore.Mvc.Infrastructure.ResourceInvoker.<InvokeNextResultFilterAsync>g__Awaited|29_0[TFilter,TFilterAsync](ResourceInvoker invoker, Task lastTask, State next, Scope scope, Object state, Boolean isCompleted)
   at Microsoft.AspNetCore.Mvc.Infrastructure.ResourceInvoker.Rethrow(ResultExecutedContextSealed context)
   at Microsoft.AspNetCore.Mvc.Infrastructure.ResourceInvoker.ResultNext[TFilter,TFilterAsync](State& next, Scope& scope, Object& state, Boolean& isCompleted)
   at Microsoft.AspNetCore.Mvc.Infrastructure.ResourceInvoker.InvokeResultFilters()
--- End of stack trace from previous location where exception was thrown ---
   at Microsoft.AspNetCore.Mvc.Infrastructure.ResourceInvoker.<InvokeNextResourceFilter>g__Awaited|24_0(ResourceInvoker invoker, Task lastTask, State next, Scope scope, Object state, Boolean isCompleted)
   at Microsoft.AspNetCore.Mvc.Infrastructure.ResourceInvoker.Rethrow(ResourceExecutedContextSealed context)
   at Microsoft.AspNetCore.Mvc.Infrastructure.ResourceInvoker.Next(State& next, Scope& scope, Object& state, Boolean& isCompleted)
   at Microsoft.AspNetCore.Mvc.Infrastructure.ResourceInvoker.<InvokeFilterPipelineAsync>g__Awaited|19_0(ResourceInvoker invoker, Task lastTask, State next, Scope scope, Object state, Boolean isCompleted)
   at Microsoft.AspNetCore.Mvc.Infrastructure.ResourceInvoker.<InvokeAsync>g__Awaited|17_0(ResourceInvoker invoker, Task task, IDisposable scope)
   at Microsoft.AspNetCore.Routing.EndpointMiddleware.<Invoke>g__AwaitRequestTask|6_0(Endpoint endpoint, Task requestTask, ILogger logger)
   at Microsoft.AspNetCore.Authorization.AuthorizationMiddleware.Invoke(HttpContext context)
   at Microsoft.AspNetCore.Session.SessionMiddleware.Invoke(HttpContext context)
   at Microsoft.AspNetCore.Session.SessionMiddleware.Invoke(HttpContext context)
   at Microsoft.AspNetCore.Diagnostics.DeveloperExceptionPageMiddleware.Invoke(HttpContext context)
ERROR 10:11:53 An unhandled exception has occurred while executing the request.
System.InvalidOperationException: The view 'PensionPortal' was not found. The following locations were searched:
/Views/Pension/PensionPortal.cshtml
/Views/Shared/PensionPortal.cshtml
/Pages/Shared/PensionPortal.cshtml
   at Microsoft.AspNetCore.Mvc.ViewEngines.ViewEngineResult.EnsureSuccessful(IEnumerable`1 originalLocations)
   at Microsoft.AspNetCore.Mvc.ViewFeatures.ViewResultExecutor.ExecuteAsync(ActionContext context, ViewResult result)
   at Microsoft.AspNetCore.Mvc.ViewResult.ExecuteResultAsync(ActionContext context)
   at Microsoft.AspNetCore.Mvc.Infrastructure.ResourceInvoker.<InvokeNextResultFilterAsync>g__Awaited|29_0[TFilter,TFilterAsync](ResourceInvoker invoker, Task lastTask, State next, Scope scope, Object state, Boolean isCompleted)
   at Microsoft.AspNetCore.Mvc.Infrastructure.ResourceInvoker.Rethrow(ResultExecutedContextSealed context)
   at Microsoft.AspNetCore.Mvc.Infrastructure.ResourceInvoker.ResultNext[TFilter,TFilterAsync](State& next, Scope& scope, Object& state, Boolean& isCompleted)
   at Microsoft.AspNetCore.Mvc.Infrastructure.ResourceInvoker.InvokeResultFilters()
--- End of stack trace from previous location where exception was thrown ---
   at Microsoft.AspNetCore.Mvc.Infrastructure.ResourceInvoker.<InvokeNextResourceFilter>g__Awaited|24_0(ResourceInvoker invoker, Task lastTask, State next, Scope scope, Object state, Boolean isCompleted)
   at Microsoft.AspNetCore.Mvc.Infrastructure.ResourceInvoker.Rethrow(ResourceExecutedContextSealed context)
   at Microsoft.AspNetCore.Mvc.Infrastructure.ResourceInvoker.Next(State& next, Scope& scope, Object& state, Boolean& isCompleted)
   at Microsoft.AspNetCore.Mvc.Infrastructure.ResourceInvoker.<InvokeFilterPipelineAsync>g__Awaited|19_0(ResourceInvoker invoker, Task lastTask, State next, Scope scope, Object state, Boolean isCompleted)
   at Microsoft.AspNetCore.Mvc.Infrastructure.ResourceInvoker.<InvokeAsync>g__Awaited|17_0(ResourceInvoker invoker, Task task, IDisposable scope)
   at Microsoft.AspNetCore.Routing.EndpointMiddleware.<Invoke>g__AwaitRequestTask|6_0(Endpoint endpoint, Task requestTask, ILogger logger)
   at Microsoft.AspNetCore.Authorization.AuthorizationMiddleware.Invoke(HttpContext context)
   at Microsoft.AspNetCore.Session.SessionMiddleware.Invoke(HttpContext context)
   at Microsoft.AspNetCore.Session.SessionMiddleware.Invoke(HttpContext context)
   at Microsoft.AspNetCore.Diagnostics.DeveloperExceptionPageMiddleware.Invoke(HttpContext context)
INFO  11:19:20 Application started. Press Ctrl+C to shut down.
INFO  11:19:20 Application started. Press Ctrl+C to shut down.
INFO  11:19:20 Hosting environment: Development
INFO  11:19:20 Hosting environment: Development
INFO  11:19:20 Content root path: E:\Cognizant Post Joining\MFPE\Pension-Management-Portal
INFO  11:19:20 Content root path: E:\Cognizant Post Joining\MFPE\Pension-Management-Portal
INFO  11:20:46 Post Login is called
INFO  11:29:02 Post Login is called
INFO  12:29:14 Application started. Press Ctrl+C to shut down.
INFO  12:29:14 Application started. Press Ctrl+C to shut down.
INFO  12:29:14 Hosting environment: Development
INFO  12:29:14 Hosting environment: Development
INFO  12:29:14 Content root path: E:\Cognizant Post Joining\MFPE\Pension-Management-Portal
INFO  12:29:14 Content root path: E:\Cognizant Post Joining\MFPE\Pension-Management-Portal
INFO  12:30:00 Post Login is called
INFO  01:03:05 Application started. Press Ctrl+C to shut down.
INFO  01:03:05 Application started. Press Ctrl+C to shut down.
INFO  01:03:05 Hosting environment: Development
INFO  01:03:05 Hosting environment: Development
INFO  01:03:05 Content root path: E:\Cognizant Post Joining\MFPE\Pension-Management-Portal
INFO  01:03:05 Content root path: E:\Cognizant Post Joining\MFPE\Pension-Management-Portal
INFO  01:03:05 Pensioner is logging in
INFO  01:03:25 Post Login is called
INFO  01:03:30 Login Successful and token generated
INFO  01:05:14 Pensioner is logging in
INFO  01:17:44 Application started. Press Ctrl+C to shut down.
INFO  01:17:44 Application started. Press Ctrl+C to shut down.
INFO  01:17:44 Hosting environment: Development
INFO  01:17:44 Hosting environment: Development
INFO  01:17:44 Content root path: E:\Cognizant Post Joining\MFPE\Pension-Management-Portal
INFO  01:17:44 Content root path: E:\Cognizant Post Joining\MFPE\Pension-Management-Portal
INFO  01:17:45 Pensioner is logging in
INFO  01:18:06 Post Login is called
INFO  01:18:08 Login Successful and token generated
INFO  01:39:53 Application started. Press Ctrl+C to shut down.
INFO  01:39:53 Application started. Press Ctrl+C to shut down.
INFO  01:39:53 Hosting environment: Development
INFO  01:39:53 Hosting environment: Development
INFO  01:39:53 Content root path: E:\Cognizant Post Joining\MFPE\Pension-Management-Portal
INFO  01:39:53 Content root path: E:\Cognizant Post Joining\MFPE\Pension-Management-Portal
INFO  01:39:54 Pensioner is logging in
INFO  01:53:11 Post Login is called
INFO  01:53:17 Login Successful and token generated
INFO  01:55:43 Pensioner is not logged in
INFO  01:55:58 Pensioner is logging in
INFO  10:19:09 Application started. Press Ctrl+C to shut down.
INFO  10:19:10 Application started. Press Ctrl+C to shut down.
INFO  10:19:10 Hosting environment: Development
INFO  10:19:10 Hosting environment: Development
INFO  10:19:10 Content root path: E:\Cognizant Post Joining\MFRP\Pension-Management-Portal
INFO  10:19:10 Content root path: E:\Cognizant Post Joining\MFRP\Pension-Management-Portal
WARN  10:19:10 Error unprotecting the session cookie.
System.Security.Cryptography.CryptographicException: The payload was invalid.
   at Microsoft.AspNetCore.DataProtection.Cng.CbcAuthenticatedEncryptor.DecryptImpl(Byte* pbCiphertext, UInt32 cbCiphertext, Byte* pbAdditionalAuthenticatedData, UInt32 cbAdditionalAuthenticatedData)
   at Microsoft.AspNetCore.DataProtection.Cng.Internal.CngAuthenticatedEncryptorBase.Decrypt(ArraySegment`1 ciphertext, ArraySegment`1 additionalAuthenticatedData)
   at Microsoft.AspNetCore.DataProtection.KeyManagement.KeyRingBasedDataProtector.UnprotectCore(Byte[] protectedData, Boolean allowOperationsOnRevokedKeys, UnprotectStatus& status)
   at Microsoft.AspNetCore.DataProtection.KeyManagement.KeyRingBasedDataProtector.DangerousUnprotect(Byte[] protectedData, Boolean ignoreRevocationErrors, Boolean& requiresMigration, Boolean& wasRevoked)
   at Microsoft.AspNetCore.DataProtection.KeyManagement.KeyRingBasedDataProtector.Unprotect(Byte[] protectedData)
   at Microsoft.AspNetCore.Session.CookieProtection.Unprotect(IDataProtector protector, String protectedText, ILogger logger)
WARN  10:19:10 Error unprotecting the session cookie.
System.Security.Cryptography.CryptographicException: The payload was invalid.
   at Microsoft.AspNetCore.DataProtection.Cng.CbcAuthenticatedEncryptor.DecryptImpl(Byte* pbCiphertext, UInt32 cbCiphertext, Byte* pbAdditionalAuthenticatedData, UInt32 cbAdditionalAuthenticatedData)
   at Microsoft.AspNetCore.DataProtection.Cng.Internal.CngAuthenticatedEncryptorBase.Decrypt(ArraySegment`1 ciphertext, ArraySegment`1 additionalAuthenticatedData)
   at Microsoft.AspNetCore.DataProtection.KeyManagement.KeyRingBasedDataProtector.UnprotectCore(Byte[] protectedData, Boolean allowOperationsOnRevokedKeys, UnprotectStatus& status)
   at Microsoft.AspNetCore.DataProtection.KeyManagement.KeyRingBasedDataProtector.DangerousUnprotect(Byte[] protectedData, Boolean ignoreRevocationErrors, Boolean& requiresMigration, Boolean& wasRevoked)
   at Microsoft.AspNetCore.DataProtection.KeyManagement.KeyRingBasedDataProtector.Unprotect(Byte[] protectedData)
   at Microsoft.AspNetCore.Session.CookieProtection.Unprotect(IDataProtector protector, String protectedText, ILogger logger)
INFO  10:19:12 Pensioner is logging in
WARN  10:19:15 Error unprotecting the session cookie.
System.Security.Cryptography.CryptographicException: The payload was invalid.
   at Microsoft.AspNetCore.DataProtection.Cng.CbcAuthenticatedEncryptor.DecryptImpl(Byte* pbCiphertext, UInt32 cbCiphertext, Byte* pbAdditionalAuthenticatedData, UInt32 cbAdditionalAuthenticatedData)
   at Microsoft.AspNetCore.DataProtection.Cng.Internal.CngAuthenticatedEncryptorBase.Decrypt(ArraySegment`1 ciphertext, ArraySegment`1 additionalAuthenticatedData)
   at Microsoft.AspNetCore.DataProtection.KeyManagement.KeyRingBasedDataProtector.UnprotectCore(Byte[] protectedData, Boolean allowOperationsOnRevokedKeys, UnprotectStatus& status)
   at Microsoft.AspNetCore.DataProtection.KeyManagement.KeyRingBasedDataProtector.DangerousUnprotect(Byte[] protectedData, Boolean ignoreRevocationErrors, Boolean& requiresMigration, Boolean& wasRevoked)
   at Microsoft.AspNetCore.DataProtection.KeyManagement.KeyRingBasedDataProtector.Unprotect(Byte[] protectedData)
   at Microsoft.AspNetCore.Session.CookieProtection.Unprotect(IDataProtector protector, String protectedText, ILogger logger)
WARN  10:19:15 Error unprotecting the session cookie.
System.Security.Cryptography.CryptographicException: The payload was invalid.
   at Microsoft.AspNetCore.DataProtection.Cng.CbcAuthenticatedEncryptor.DecryptImpl(Byte* pbCiphertext, UInt32 cbCiphertext, Byte* pbAdditionalAuthenticatedData, UInt32 cbAdditionalAuthenticatedData)
   at Microsoft.AspNetCore.DataProtection.Cng.Internal.CngAuthenticatedEncryptorBase.Decrypt(ArraySegment`1 ciphertext, ArraySegment`1 additionalAuthenticatedData)
   at Microsoft.AspNetCore.DataProtection.KeyManagement.KeyRingBasedDataProtector.UnprotectCore(Byte[] protectedData, Boolean allowOperationsOnRevokedKeys, UnprotectStatus& status)
   at Microsoft.AspNetCore.DataProtection.KeyManagement.KeyRingBasedDataProtector.DangerousUnprotect(Byte[] protectedData, Boolean ignoreRevocationErrors, Boolean& requiresMigration, Boolean& wasRevoked)
   at Microsoft.AspNetCore.DataProtection.KeyManagement.KeyRingBasedDataProtector.Unprotect(Byte[] protectedData)
   at Microsoft.AspNetCore.Session.CookieProtection.Unprotect(IDataProtector protector, String protectedText, ILogger logger)
WARN  10:19:15 Error unprotecting the session cookie.
System.Security.Cryptography.CryptographicException: The payload was invalid.
   at Microsoft.AspNetCore.DataProtection.Cng.CbcAuthenticatedEncryptor.DecryptImpl(Byte* pbCiphertext, UInt32 cbCiphertext, Byte* pbAdditionalAuthenticatedData, UInt32 cbAdditionalAuthenticatedData)
   at Microsoft.AspNetCore.DataProtection.Cng.Internal.CngAuthenticatedEncryptorBase.Decrypt(ArraySegment`1 ciphertext, ArraySegment`1 additionalAuthenticatedData)
   at Microsoft.AspNetCore.DataProtection.KeyManagement.KeyRingBasedDataProtector.UnprotectCore(Byte[] protectedData, Boolean allowOperationsOnRevokedKeys, UnprotectStatus& status)
   at Microsoft.AspNetCore.DataProtection.KeyManagement.KeyRingBasedDataProtector.DangerousUnprotect(Byte[] protectedData, Boolean ignoreRevocationErrors, Boolean& requiresMigration, Boolean& wasRevoked)
   at Microsoft.AspNetCore.DataProtection.KeyManagement.KeyRingBasedDataProtector.Unprotect(Byte[] protectedData)
   at Microsoft.AspNetCore.Session.CookieProtection.Unprotect(IDataProtector protector, String protectedText, ILogger logger)
WARN  10:19:15 Error unprotecting the session cookie.
System.Security.Cryptography.CryptographicException: The payload was invalid.
   at Microsoft.AspNetCore.DataProtection.Cng.CbcAuthenticatedEncryptor.DecryptImpl(Byte* pbCiphertext, UInt32 cbCiphertext, Byte* pbAdditionalAuthenticatedData, UInt32 cbAdditionalAuthenticatedData)
   at Microsoft.AspNetCore.DataProtection.Cng.Internal.CngAuthenticatedEncryptorBase.Decrypt(ArraySegment`1 ciphertext, ArraySegment`1 additionalAuthenticatedData)
   at Microsoft.AspNetCore.DataProtection.KeyManagement.KeyRingBasedDataProtector.UnprotectCore(Byte[] protectedData, Boolean allowOperationsOnRevokedKeys, UnprotectStatus& status)
   at Microsoft.AspNetCore.DataProtection.KeyManagement.KeyRingBasedDataProtector.DangerousUnprotect(Byte[] protectedData, Boolean ignoreRevocationErrors, Boolean& requiresMigration, Boolean& wasRevoked)
   at Microsoft.AspNetCore.DataProtection.KeyManagement.KeyRingBasedDataProtector.Unprotect(Byte[] protectedData)
   at Microsoft.AspNetCore.Session.CookieProtection.Unprotect(IDataProtector protector, String protectedText, ILogger logger)
WARN  10:19:15 Error unprotecting the session cookie.
System.Security.Cryptography.CryptographicException: The payload was invalid.
   at Microsoft.AspNetCore.DataProtection.Cng.CbcAuthenticatedEncryptor.DecryptImpl(Byte* pbCiphertext, UInt32 cbCiphertext, Byte* pbAdditionalAuthenticatedData, UInt32 cbAdditionalAuthenticatedData)
   at Microsoft.AspNetCore.DataProtection.Cng.Internal.CngAuthenticatedEncryptorBase.Decrypt(ArraySegment`1 ciphertext, ArraySegment`1 additionalAuthenticatedData)
   at Microsoft.AspNetCore.DataProtection.KeyManagement.KeyRingBasedDataProtector.UnprotectCore(Byte[] protectedData, Boolean allowOperationsOnRevokedKeys, UnprotectStatus& status)
   at Microsoft.AspNetCore.DataProtection.KeyManagement.KeyRingBasedDataProtector.DangerousUnprotect(Byte[] protectedData, Boolean ignoreRevocationErrors, Boolean& requiresMigration, Boolean& wasRevoked)
   at Microsoft.AspNetCore.DataProtection.KeyManagement.KeyRingBasedDataProtector.Unprotect(Byte[] protectedData)
   at Microsoft.AspNetCore.Session.CookieProtection.Unprotect(IDataProtector protector, String protectedText, ILogger logger)
WARN  10:19:15 Error unprotecting the session cookie.
System.Security.Cryptography.CryptographicException: The payload was invalid.
   at Microsoft.AspNetCore.DataProtection.Cng.CbcAuthenticatedEncryptor.DecryptImpl(Byte* pbCiphertext, UInt32 cbCiphertext, Byte* pbAdditionalAuthenticatedData, UInt32 cbAdditionalAuthenticatedData)
   at Microsoft.AspNetCore.DataProtection.Cng.Internal.CngAuthenticatedEncryptorBase.Decrypt(ArraySegment`1 ciphertext, ArraySegment`1 additionalAuthenticatedData)
   at Microsoft.AspNetCore.DataProtection.KeyManagement.KeyRingBasedDataProtector.UnprotectCore(Byte[] protectedData, Boolean allowOperationsOnRevokedKeys, UnprotectStatus& status)
   at Microsoft.AspNetCore.DataProtection.KeyManagement.KeyRingBasedDataProtector.DangerousUnprotect(Byte[] protectedData, Boolean ignoreRevocationErrors, Boolean& requiresMigration, Boolean& wasRevoked)
   at Microsoft.AspNetCore.DataProtection.KeyManagement.KeyRingBasedDataProtector.Unprotect(Byte[] protectedData)
   at Microsoft.AspNetCore.Session.CookieProtection.Unprotect(IDataProtector protector, String protectedText, ILogger logger)
WARN  10:19:15 Error unprotecting the session cookie.
System.Security.Cryptography.CryptographicException: The payload was invalid.
   at Microsoft.AspNetCore.DataProtection.Cng.CbcAuthenticatedEncryptor.DecryptImpl(Byte* pbCiphertext, UInt32 cbCiphertext, Byte* pbAdditionalAuthenticatedData, UInt32 cbAdditionalAuthenticatedData)
   at Microsoft.AspNetCore.DataProtection.Cng.Internal.CngAuthenticatedEncryptorBase.Decrypt(ArraySegment`1 ciphertext, ArraySegment`1 additionalAuthenticatedData)
   at Microsoft.AspNetCore.DataProtection.KeyManagement.KeyRingBasedDataProtector.UnprotectCore(Byte[] protectedData, Boolean allowOperationsOnRevokedKeys, UnprotectStatus& status)
   at Microsoft.AspNetCore.DataProtection.KeyManagement.KeyRingBasedDataProtector.DangerousUnprotect(Byte[] protectedData, Boolean ignoreRevocationErrors, Boolean& requiresMigration, Boolean& wasRevoked)
   at Microsoft.AspNetCore.DataProtection.KeyManagement.KeyRingBasedDataProtector.Unprotect(Byte[] protectedData)
   at Microsoft.AspNetCore.Session.CookieProtection.Unprotect(IDataProtector protector, String protectedText, ILogger logger)
WARN  10:19:15 Error unprotecting the session cookie.
System.Security.Cryptography.CryptographicException: The payload was invalid.
   at Microsoft.AspNetCore.DataProtection.Cng.CbcAuthenticatedEncryptor.DecryptImpl(Byte* pbCiphertext, UInt32 cbCiphertext, Byte* pbAdditionalAuthenticatedData, UInt32 cbAdditionalAuthenticatedData)
   at Microsoft.AspNetCore.DataProtection.Cng.Internal.CngAuthenticatedEncryptorBase.Decrypt(ArraySegment`1 ciphertext, ArraySegment`1 additionalAuthenticatedData)
   at Microsoft.AspNetCore.DataProtection.KeyManagement.KeyRingBasedDataProtector.UnprotectCore(Byte[] protectedData, Boolean allowOperationsOnRevokedKeys, UnprotectStatus& status)
   at Microsoft.AspNetCore.DataProtection.KeyManagement.KeyRingBasedDataProtector.DangerousUnprotect(Byte[] protectedData, Boolean ignoreRevocationErrors, Boolean& requiresMigration, Boolean& wasRevoked)
   at Microsoft.AspNetCore.DataProtection.KeyManagement.KeyRingBasedDataProtector.Unprotect(Byte[] protectedData)
   at Microsoft.AspNetCore.Session.CookieProtection.Unprotect(IDataProtector protector, String protectedText, ILogger logger)
WARN  10:19:15 Error unprotecting the session cookie.
System.Security.Cryptography.CryptographicException: The payload was invalid.
   at Microsoft.AspNetCore.DataProtection.Cng.CbcAuthenticatedEncryptor.DecryptImpl(Byte* pbCiphertext, UInt32 cbCiphertext, Byte* pbAdditionalAuthenticatedData, UInt32 cbAdditionalAuthenticatedData)
   at Microsoft.AspNetCore.DataProtection.Cng.Internal.CngAuthenticatedEncryptorBase.Decrypt(ArraySegment`1 ciphertext, ArraySegment`1 additionalAuthenticatedData)
   at Microsoft.AspNetCore.DataProtection.KeyManagement.KeyRingBasedDataProtector.UnprotectCore(Byte[] protectedData, Boolean allowOperationsOnRevokedKeys, UnprotectStatus& status)
   at Microsoft.AspNetCore.DataProtection.KeyManagement.KeyRingBasedDataProtector.DangerousUnprotect(Byte[] protectedData, Boolean ignoreRevocationErrors, Boolean& requiresMigration, Boolean& wasRevoked)
   at Microsoft.AspNetCore.DataProtection.KeyManagement.KeyRingBasedDataProtector.Unprotect(Byte[] protectedData)
   at Microsoft.AspNetCore.Session.CookieProtection.Unprotect(IDataProtector protector, String protectedText, ILogger logger)
WARN  10:19:15 Error unprotecting the session cookie.
System.Security.Cryptography.CryptographicException: The payload was invalid.
   at Microsoft.AspNetCore.DataProtection.Cng.CbcAuthenticatedEncryptor.DecryptImpl(Byte* pbCiphertext, UInt32 cbCiphertext, Byte* pbAdditionalAuthenticatedData, UInt32 cbAdditionalAuthenticatedData)
   at Microsoft.AspNetCore.DataProtection.Cng.Internal.CngAuthenticatedEncryptorBase.Decrypt(ArraySegment`1 ciphertext, ArraySegment`1 additionalAuthenticatedData)
   at Microsoft.AspNetCore.DataProtection.KeyManagement.KeyRingBasedDataProtector.UnprotectCore(Byte[] protectedData, Boolean allowOperationsOnRevokedKeys, UnprotectStatus& status)
   at Microsoft.AspNetCore.DataProtection.KeyManagement.KeyRingBasedDataProtector.DangerousUnprotect(Byte[] protectedData, Boolean ignoreRevocationErrors, Boolean& requiresMigration, Boolean& wasRevoked)
   at Microsoft.AspNetCore.DataProtection.KeyManagement.KeyRingBasedDataProtector.Unprotect(Byte[] protectedData)
   at Microsoft.AspNetCore.Session.CookieProtection.Unprotect(IDataProtector protector, String protectedText, ILogger logger)
WARN  10:19:15 Error unprotecting the session cookie.
System.Security.Cryptography.CryptographicException: The payload was invalid.
   at Microsoft.AspNetCore.DataProtection.Cng.CbcAuthenticatedEncryptor.DecryptImpl(Byte* pbCiphertext, UInt32 cbCiphertext, Byte* pbAdditionalAuthenticatedData, UInt32 cbAdditionalAuthenticatedData)
   at Microsoft.AspNetCore.DataProtection.Cng.Internal.CngAuthenticatedEncryptorBase.Decrypt(ArraySegment`1 ciphertext, ArraySegment`1 additionalAuthenticatedData)
   at Microsoft.AspNetCore.DataProtection.KeyManagement.KeyRingBasedDataProtector.UnprotectCore(Byte[] protectedData, Boolean allowOperationsOnRevokedKeys, UnprotectStatus& status)
   at Microsoft.AspNetCore.DataProtection.KeyManagement.KeyRingBasedDataProtector.DangerousUnprotect(Byte[] protectedData, Boolean ignoreRevocationErrors, Boolean& requiresMigration, Boolean& wasRevoked)
   at Microsoft.AspNetCore.DataProtection.KeyManagement.KeyRingBasedDataProtector.Unprotect(Byte[] protectedData)
   at Microsoft.AspNetCore.Session.CookieProtection.Unprotect(IDataProtector protector, String protectedText, ILogger logger)
WARN  10:19:15 Error unprotecting the session cookie.
System.Security.Cryptography.CryptographicException: The payload was invalid.
   at Microsoft.AspNetCore.DataProtection.Cng.CbcAuthenticatedEncryptor.DecryptImpl(Byte* pbCiphertext, UInt32 cbCiphertext, Byte* pbAdditionalAuthenticatedData, UInt32 cbAdditionalAuthenticatedData)
   at Microsoft.AspNetCore.DataProtection.Cng.Internal.CngAuthenticatedEncryptorBase.Decrypt(ArraySegment`1 ciphertext, ArraySegment`1 additionalAuthenticatedData)
   at Microsoft.AspNetCore.DataProtection.KeyManagement.KeyRingBasedDataProtector.UnprotectCore(Byte[] protectedData, Boolean allowOperationsOnRevokedKeys, UnprotectStatus& status)
   at Microsoft.AspNetCore.DataProtection.KeyManagement.KeyRingBasedDataProtector.DangerousUnprotect(Byte[] protectedData, Boolean ignoreRevocationErrors, Boolean& requiresMigration, Boolean& wasRevoked)
   at Microsoft.AspNetCore.DataProtection.KeyManagement.KeyRingBasedDataProtector.Unprotect(Byte[] protectedData)
   at Microsoft.AspNetCore.Session.CookieProtection.Unprotect(IDataProtector protector, String protectedText, ILogger logger)
WARN  10:19:15 Error unprotecting the session cookie.
System.Security.Cryptography.CryptographicException: The payload was invalid.
   at Microsoft.AspNetCore.DataProtection.Cng.CbcAuthenticatedEncryptor.DecryptImpl(Byte* pbCiphertext, UInt32 cbCiphertext, Byte* pbAdditionalAuthenticatedData, UInt32 cbAdditionalAuthenticatedData)
   at Microsoft.AspNetCore.DataProtection.Cng.Internal.CngAuthenticatedEncryptorBase.Decrypt(ArraySegment`1 ciphertext, ArraySegment`1 additionalAuthenticatedData)
   at Microsoft.AspNetCore.DataProtection.KeyManagement.KeyRingBasedDataProtector.UnprotectCore(Byte[] protectedData, Boolean allowOperationsOnRevokedKeys, UnprotectStatus& status)
   at Microsoft.AspNetCore.DataProtection.KeyManagement.KeyRingBasedDataProtector.DangerousUnprotect(Byte[] protectedData, Boolean ignoreRevocationErrors, Boolean& requiresMigration, Boolean& wasRevoked)
   at Microsoft.AspNetCore.DataProtection.KeyManagement.KeyRingBasedDataProtector.Unprotect(Byte[] protectedData)
   at Microsoft.AspNetCore.Session.CookieProtection.Unprotect(IDataProtector protector, String protectedText, ILogger logger)
WARN  10:19:15 Error unprotecting the session cookie.
System.Security.Cryptography.CryptographicException: The payload was invalid.
   at Microsoft.AspNetCore.DataProtection.Cng.CbcAuthenticatedEncryptor.DecryptImpl(Byte* pbCiphertext, UInt32 cbCiphertext, Byte* pbAdditionalAuthenticatedData, UInt32 cbAdditionalAuthenticatedData)
   at Microsoft.AspNetCore.DataProtection.Cng.Internal.CngAuthenticatedEncryptorBase.Decrypt(ArraySegment`1 ciphertext, ArraySegment`1 additionalAuthenticatedData)
   at Microsoft.AspNetCore.DataProtection.KeyManagement.KeyRingBasedDataProtector.UnprotectCore(Byte[] protectedData, Boolean allowOperationsOnRevokedKeys, UnprotectStatus& status)
   at Microsoft.AspNetCore.DataProtection.KeyManagement.KeyRingBasedDataProtector.DangerousUnprotect(Byte[] protectedData, Boolean ignoreRevocationErrors, Boolean& requiresMigration, Boolean& wasRevoked)
   at Microsoft.AspNetCore.DataProtection.KeyManagement.KeyRingBasedDataProtector.Unprotect(Byte[] protectedData)
   at Microsoft.AspNetCore.Session.CookieProtection.Unprotect(IDataProtector protector, String protectedText, ILogger logger)
WARN  10:19:31 Error unprotecting the session cookie.
System.Security.Cryptography.CryptographicException: The payload was invalid.
   at Microsoft.AspNetCore.DataProtection.Cng.CbcAuthenticatedEncryptor.DecryptImpl(Byte* pbCiphertext, UInt32 cbCiphertext, Byte* pbAdditionalAuthenticatedData, UInt32 cbAdditionalAuthenticatedData)
   at Microsoft.AspNetCore.DataProtection.Cng.Internal.CngAuthenticatedEncryptorBase.Decrypt(ArraySegment`1 ciphertext, ArraySegment`1 additionalAuthenticatedData)
   at Microsoft.AspNetCore.DataProtection.KeyManagement.KeyRingBasedDataProtector.UnprotectCore(Byte[] protectedData, Boolean allowOperationsOnRevokedKeys, UnprotectStatus& status)
   at Microsoft.AspNetCore.DataProtection.KeyManagement.KeyRingBasedDataProtector.DangerousUnprotect(Byte[] protectedData, Boolean ignoreRevocationErrors, Boolean& requiresMigration, Boolean& wasRevoked)
   at Microsoft.AspNetCore.DataProtection.KeyManagement.KeyRingBasedDataProtector.Unprotect(Byte[] protectedData)
   at Microsoft.AspNetCore.Session.CookieProtection.Unprotect(IDataProtector protector, String protectedText, ILogger logger)
WARN  10:19:31 Error unprotecting the session cookie.
System.Security.Cryptography.CryptographicException: The payload was invalid.
   at Microsoft.AspNetCore.DataProtection.Cng.CbcAuthenticatedEncryptor.DecryptImpl(Byte* pbCiphertext, UInt32 cbCiphertext, Byte* pbAdditionalAuthenticatedData, UInt32 cbAdditionalAuthenticatedData)
   at Microsoft.AspNetCore.DataProtection.Cng.Internal.CngAuthenticatedEncryptorBase.Decrypt(ArraySegment`1 ciphertext, ArraySegment`1 additionalAuthenticatedData)
   at Microsoft.AspNetCore.DataProtection.KeyManagement.KeyRingBasedDataProtector.UnprotectCore(Byte[] protectedData, Boolean allowOperationsOnRevokedKeys, UnprotectStatus& status)
   at Microsoft.AspNetCore.DataProtection.KeyManagement.KeyRingBasedDataProtector.DangerousUnprotect(Byte[] protectedData, Boolean ignoreRevocationErrors, Boolean& requiresMigration, Boolean& wasRevoked)
   at Microsoft.AspNetCore.DataProtection.KeyManagement.KeyRingBasedDataProtector.Unprotect(Byte[] protectedData)
   at Microsoft.AspNetCore.Session.CookieProtection.Unprotect(IDataProtector protector, String protectedText, ILogger logger)
INFO  10:19:32 Post Login is called
INFO  10:19:36 Login Successful and token generated
INFO  10:20:23 Post Login is called
INFO  10:20:23 Login failed
INFO  10:20:29 Pensioner is logging in
INFO  03:24:00 Application started. Press Ctrl+C to shut down.
INFO  03:24:00 Application started. Press Ctrl+C to shut down.
INFO  03:24:00 Hosting environment: Development
INFO  03:24:00 Hosting environment: Development
INFO  03:24:00 Content root path: E:\Cognizant Post Joining\MFRP\Pension-Management-Portal
INFO  03:24:00 Content root path: E:\Cognizant Post Joining\MFRP\Pension-Management-Portal
INFO  03:24:02 Pensioner is logging in
INFO  03:24:23 Post Login is called
INFO  03:25:53 Login Successful and token generated
INFO  03:39:57 Processing the pension began
ERROR 03:40:01 An unhandled exception has occurred while executing the request.
System.FormatException: The format of value 'Bearer{"token":"eyJhbGciOiJIUzI1NiIsInR5cCI6IkpXVCJ9.eyJleHAiOjE2MDQ2NTgzNTEsImlzcyI6Ijg0ODk1NCIsImF1ZCI6Ijg0ODk1NCJ9.Se3HFJYF_ZhgsWjD0pjhTqyI83_a_YPTZh-Vgzv9Xcs"}' is invalid.
   at System.Net.Http.Headers.HttpHeaderParser.ParseValue(String value, Object storeValue, Int32& index)
   at System.Net.Http.Headers.HttpHeaders.ParseAndAddValue(HeaderDescriptor descriptor, HeaderStoreItemInfo info, String value)
   at System.Net.Http.Headers.HttpHeaders.Add(String name, String value)
   at Pension_Management_Portal.Controllers.PensionController.PensionPortal(PensionerInput input) in E:\Cognizant Post Joining\MFRP\Pension-Management-Portal\Controllers\PensionController.cs:line 134
   at lambda_method(Closure , Object )
   at Microsoft.Extensions.Internal.ObjectMethodExecutorAwaitable.Awaiter.GetResult()
   at Microsoft.AspNetCore.Mvc.Infrastructure.ActionMethodExecutor.TaskOfActionResultExecutor.Execute(IActionResultTypeMapper mapper, ObjectMethodExecutor executor, Object controller, Object[] arguments)
   at Microsoft.AspNetCore.Mvc.Infrastructure.ControllerActionInvoker.<InvokeActionMethodAsync>g__Awaited|12_0(ControllerActionInvoker invoker, ValueTask`1 actionResultValueTask)
   at Microsoft.AspNetCore.Mvc.Infrastructure.ControllerActionInvoker.<InvokeNextActionFilterAsync>g__Awaited|10_0(ControllerActionInvoker invoker, Task lastTask, State next, Scope scope, Object state, Boolean isCompleted)
   at Microsoft.AspNetCore.Mvc.Infrastructure.ControllerActionInvoker.Rethrow(ActionExecutedContextSealed context)
   at Microsoft.AspNetCore.Mvc.Infrastructure.ControllerActionInvoker.Next(State& next, Scope& scope, Object& state, Boolean& isCompleted)
   at Microsoft.AspNetCore.Mvc.Infrastructure.ControllerActionInvoker.InvokeInnerFilterAsync()
--- End of stack trace from previous location where exception was thrown ---
   at Microsoft.AspNetCore.Mvc.Infrastructure.ResourceInvoker.<InvokeNextResourceFilter>g__Awaited|24_0(ResourceInvoker invoker, Task lastTask, State next, Scope scope, Object state, Boolean isCompleted)
   at Microsoft.AspNetCore.Mvc.Infrastructure.ResourceInvoker.Rethrow(ResourceExecutedContextSealed context)
   at Microsoft.AspNetCore.Mvc.Infrastructure.ResourceInvoker.Next(State& next, Scope& scope, Object& state, Boolean& isCompleted)
   at Microsoft.AspNetCore.Mvc.Infrastructure.ResourceInvoker.InvokeFilterPipelineAsync()
--- End of stack trace from previous location where exception was thrown ---
   at Microsoft.AspNetCore.Mvc.Infrastructure.ResourceInvoker.<InvokeAsync>g__Awaited|17_0(ResourceInvoker invoker, Task task, IDisposable scope)
   at Microsoft.AspNetCore.Routing.EndpointMiddleware.<Invoke>g__AwaitRequestTask|6_0(Endpoint endpoint, Task requestTask, ILogger logger)
   at Microsoft.AspNetCore.Authorization.AuthorizationMiddleware.Invoke(HttpContext context)
   at Microsoft.AspNetCore.Session.SessionMiddleware.Invoke(HttpContext context)
   at Microsoft.AspNetCore.Session.SessionMiddleware.Invoke(HttpContext context)
   at Microsoft.AspNetCore.Diagnostics.DeveloperExceptionPageMiddleware.Invoke(HttpContext context)
ERROR 03:40:01 An unhandled exception has occurred while executing the request.
System.FormatException: The format of value 'Bearer{"token":"eyJhbGciOiJIUzI1NiIsInR5cCI6IkpXVCJ9.eyJleHAiOjE2MDQ2NTgzNTEsImlzcyI6Ijg0ODk1NCIsImF1ZCI6Ijg0ODk1NCJ9.Se3HFJYF_ZhgsWjD0pjhTqyI83_a_YPTZh-Vgzv9Xcs"}' is invalid.
   at System.Net.Http.Headers.HttpHeaderParser.ParseValue(String value, Object storeValue, Int32& index)
   at System.Net.Http.Headers.HttpHeaders.ParseAndAddValue(HeaderDescriptor descriptor, HeaderStoreItemInfo info, String value)
   at System.Net.Http.Headers.HttpHeaders.Add(String name, String value)
   at Pension_Management_Portal.Controllers.PensionController.PensionPortal(PensionerInput input) in E:\Cognizant Post Joining\MFRP\Pension-Management-Portal\Controllers\PensionController.cs:line 134
   at lambda_method(Closure , Object )
   at Microsoft.Extensions.Internal.ObjectMethodExecutorAwaitable.Awaiter.GetResult()
   at Microsoft.AspNetCore.Mvc.Infrastructure.ActionMethodExecutor.TaskOfActionResultExecutor.Execute(IActionResultTypeMapper mapper, ObjectMethodExecutor executor, Object controller, Object[] arguments)
   at Microsoft.AspNetCore.Mvc.Infrastructure.ControllerActionInvoker.<InvokeActionMethodAsync>g__Awaited|12_0(ControllerActionInvoker invoker, ValueTask`1 actionResultValueTask)
   at Microsoft.AspNetCore.Mvc.Infrastructure.ControllerActionInvoker.<InvokeNextActionFilterAsync>g__Awaited|10_0(ControllerActionInvoker invoker, Task lastTask, State next, Scope scope, Object state, Boolean isCompleted)
   at Microsoft.AspNetCore.Mvc.Infrastructure.ControllerActionInvoker.Rethrow(ActionExecutedContextSealed context)
   at Microsoft.AspNetCore.Mvc.Infrastructure.ControllerActionInvoker.Next(State& next, Scope& scope, Object& state, Boolean& isCompleted)
   at Microsoft.AspNetCore.Mvc.Infrastructure.ControllerActionInvoker.InvokeInnerFilterAsync()
--- End of stack trace from previous location where exception was thrown ---
   at Microsoft.AspNetCore.Mvc.Infrastructure.ResourceInvoker.<InvokeNextResourceFilter>g__Awaited|24_0(ResourceInvoker invoker, Task lastTask, State next, Scope scope, Object state, Boolean isCompleted)
   at Microsoft.AspNetCore.Mvc.Infrastructure.ResourceInvoker.Rethrow(ResourceExecutedContextSealed context)
   at Microsoft.AspNetCore.Mvc.Infrastructure.ResourceInvoker.Next(State& next, Scope& scope, Object& state, Boolean& isCompleted)
   at Microsoft.AspNetCore.Mvc.Infrastructure.ResourceInvoker.InvokeFilterPipelineAsync()
--- End of stack trace from previous location where exception was thrown ---
   at Microsoft.AspNetCore.Mvc.Infrastructure.ResourceInvoker.<InvokeAsync>g__Awaited|17_0(ResourceInvoker invoker, Task task, IDisposable scope)
   at Microsoft.AspNetCore.Routing.EndpointMiddleware.<Invoke>g__AwaitRequestTask|6_0(Endpoint endpoint, Task requestTask, ILogger logger)
   at Microsoft.AspNetCore.Authorization.AuthorizationMiddleware.Invoke(HttpContext context)
   at Microsoft.AspNetCore.Session.SessionMiddleware.Invoke(HttpContext context)
   at Microsoft.AspNetCore.Session.SessionMiddleware.Invoke(HttpContext context)
   at Microsoft.AspNetCore.Diagnostics.DeveloperExceptionPageMiddleware.Invoke(HttpContext context)
INFO  05:00:57 Application started. Press Ctrl+C to shut down.
INFO  05:00:57 Application started. Press Ctrl+C to shut down.
INFO  05:00:57 Hosting environment: Development
INFO  05:00:57 Hosting environment: Development
INFO  05:00:57 Content root path: E:\Cognizant Post Joining\MFRP\Pension-Management-Portal
INFO  05:00:57 Content root path: E:\Cognizant Post Joining\MFRP\Pension-Management-Portal
INFO  05:00:59 Pensioner is logging in
INFO  05:01:40 Post Login is called
INFO  05:01:48 Login Successful and token generated
INFO  05:04:22 Processing the pension began
INFO  11:49:29 Application started. Press Ctrl+C to shut down.
INFO  11:49:29 Application started. Press Ctrl+C to shut down.
INFO  11:49:29 Hosting environment: Development
INFO  11:49:29 Hosting environment: Development
INFO  11:49:29 Content root path: E:\Cognizant Post Joining\MFRP\Pension-Management-Portal
INFO  11:49:29 Content root path: E:\Cognizant Post Joining\MFRP\Pension-Management-Portal
INFO  11:49:30 Pensioner is logging in
INFO  11:50:25 Post Login is called
INFO  11:51:16 Login Successful and token generated
INFO  11:55:26 Processing the pension began
INFO  09:14:09 Application started. Press Ctrl+C to shut down.
INFO  09:14:09 Application started. Press Ctrl+C to shut down.
INFO  09:14:09 Hosting environment: Development
INFO  09:14:09 Hosting environment: Development
INFO  09:14:09 Content root path: E:\Cognizant Post Joining\MFRP\Pension-Management-Portal
INFO  09:14:09 Content root path: E:\Cognizant Post Joining\MFRP\Pension-Management-Portal
INFO  09:14:12 Pensioner is logging in
INFO  09:14:32 Post Login is called
ERROR 09:14:38 An unhandled exception has occurred while executing the request.
System.Net.Http.HttpRequestException: No connection could be made because the target machine actively refused it.
 ---> System.Net.Sockets.SocketException (10061): No connection could be made because the target machine actively refused it.
   at System.Net.Http.ConnectHelper.ConnectAsync(String host, Int32 port, CancellationToken cancellationToken)
   --- End of inner exception stack trace ---
   at System.Net.Http.ConnectHelper.ConnectAsync(String host, Int32 port, CancellationToken cancellationToken)
   at System.Net.Http.HttpConnectionPool.ConnectAsync(HttpRequestMessage request, Boolean allowHttp2, CancellationToken cancellationToken)
   at System.Net.Http.HttpConnectionPool.CreateHttp11ConnectionAsync(HttpRequestMessage request, CancellationToken cancellationToken)
   at System.Net.Http.HttpConnectionPool.GetHttpConnectionAsync(HttpRequestMessage request, CancellationToken cancellationToken)
   at System.Net.Http.HttpConnectionPool.SendWithRetryAsync(HttpRequestMessage request, Boolean doRequestAuth, CancellationToken cancellationToken)
   at System.Net.Http.RedirectHandler.SendAsync(HttpRequestMessage request, CancellationToken cancellationToken)
   at System.Net.Http.DiagnosticsHandler.SendAsync(HttpRequestMessage request, CancellationToken cancellationToken)
   at System.Net.Http.HttpClient.FinishSendAsyncBuffered(Task`1 sendTask, HttpRequestMessage request, CancellationTokenSource cts, Boolean disposeCts)
   at Pension_Management_Portal.Controllers.PensionController.Login(Login cred) in E:\Cognizant Post Joining\MFRP\Pension-Management-Portal\Controllers\PensionController.cs:line 61
   at lambda_method(Closure , Object )
   at Microsoft.Extensions.Internal.ObjectMethodExecutorAwaitable.Awaiter.GetResult()
   at Microsoft.AspNetCore.Mvc.Infrastructure.ActionMethodExecutor.TaskOfActionResultExecutor.Execute(IActionResultTypeMapper mapper, ObjectMethodExecutor executor, Object controller, Object[] arguments)
   at Microsoft.AspNetCore.Mvc.Infrastructure.ControllerActionInvoker.<InvokeActionMethodAsync>g__Awaited|12_0(ControllerActionInvoker invoker, ValueTask`1 actionResultValueTask)
   at Microsoft.AspNetCore.Mvc.Infrastructure.ControllerActionInvoker.<InvokeNextActionFilterAsync>g__Awaited|10_0(ControllerActionInvoker invoker, Task lastTask, State next, Scope scope, Object state, Boolean isCompleted)
   at Microsoft.AspNetCore.Mvc.Infrastructure.ControllerActionInvoker.Rethrow(ActionExecutedContextSealed context)
   at Microsoft.AspNetCore.Mvc.Infrastructure.ControllerActionInvoker.Next(State& next, Scope& scope, Object& state, Boolean& isCompleted)
   at Microsoft.AspNetCore.Mvc.Infrastructure.ControllerActionInvoker.<InvokeInnerFilterAsync>g__Awaited|13_0(ControllerActionInvoker invoker, Task lastTask, State next, Scope scope, Object state, Boolean isCompleted)
   at Microsoft.AspNetCore.Mvc.Infrastructure.ResourceInvoker.<InvokeNextResourceFilter>g__Awaited|24_0(ResourceInvoker invoker, Task lastTask, State next, Scope scope, Object state, Boolean isCompleted)
   at Microsoft.AspNetCore.Mvc.Infrastructure.ResourceInvoker.Rethrow(ResourceExecutedContextSealed context)
   at Microsoft.AspNetCore.Mvc.Infrastructure.ResourceInvoker.Next(State& next, Scope& scope, Object& state, Boolean& isCompleted)
   at Microsoft.AspNetCore.Mvc.Infrastructure.ResourceInvoker.<InvokeFilterPipelineAsync>g__Awaited|19_0(ResourceInvoker invoker, Task lastTask, State next, Scope scope, Object state, Boolean isCompleted)
   at Microsoft.AspNetCore.Mvc.Infrastructure.ResourceInvoker.<InvokeAsync>g__Awaited|17_0(ResourceInvoker invoker, Task task, IDisposable scope)
   at Microsoft.AspNetCore.Routing.EndpointMiddleware.<Invoke>g__AwaitRequestTask|6_0(Endpoint endpoint, Task requestTask, ILogger logger)
   at Microsoft.AspNetCore.Authorization.AuthorizationMiddleware.Invoke(HttpContext context)
   at Microsoft.AspNetCore.Session.SessionMiddleware.Invoke(HttpContext context)
   at Microsoft.AspNetCore.Session.SessionMiddleware.Invoke(HttpContext context)
   at Microsoft.AspNetCore.Diagnostics.DeveloperExceptionPageMiddleware.Invoke(HttpContext context)
ERROR 09:14:38 An unhandled exception has occurred while executing the request.
System.Net.Http.HttpRequestException: No connection could be made because the target machine actively refused it.
 ---> System.Net.Sockets.SocketException (10061): No connection could be made because the target machine actively refused it.
   at System.Net.Http.ConnectHelper.ConnectAsync(String host, Int32 port, CancellationToken cancellationToken)
   --- End of inner exception stack trace ---
   at System.Net.Http.ConnectHelper.ConnectAsync(String host, Int32 port, CancellationToken cancellationToken)
   at System.Net.Http.HttpConnectionPool.ConnectAsync(HttpRequestMessage request, Boolean allowHttp2, CancellationToken cancellationToken)
   at System.Net.Http.HttpConnectionPool.CreateHttp11ConnectionAsync(HttpRequestMessage request, CancellationToken cancellationToken)
   at System.Net.Http.HttpConnectionPool.GetHttpConnectionAsync(HttpRequestMessage request, CancellationToken cancellationToken)
   at System.Net.Http.HttpConnectionPool.SendWithRetryAsync(HttpRequestMessage request, Boolean doRequestAuth, CancellationToken cancellationToken)
   at System.Net.Http.RedirectHandler.SendAsync(HttpRequestMessage request, CancellationToken cancellationToken)
   at System.Net.Http.DiagnosticsHandler.SendAsync(HttpRequestMessage request, CancellationToken cancellationToken)
   at System.Net.Http.HttpClient.FinishSendAsyncBuffered(Task`1 sendTask, HttpRequestMessage request, CancellationTokenSource cts, Boolean disposeCts)
   at Pension_Management_Portal.Controllers.PensionController.Login(Login cred) in E:\Cognizant Post Joining\MFRP\Pension-Management-Portal\Controllers\PensionController.cs:line 61
   at lambda_method(Closure , Object )
   at Microsoft.Extensions.Internal.ObjectMethodExecutorAwaitable.Awaiter.GetResult()
   at Microsoft.AspNetCore.Mvc.Infrastructure.ActionMethodExecutor.TaskOfActionResultExecutor.Execute(IActionResultTypeMapper mapper, ObjectMethodExecutor executor, Object controller, Object[] arguments)
   at Microsoft.AspNetCore.Mvc.Infrastructure.ControllerActionInvoker.<InvokeActionMethodAsync>g__Awaited|12_0(ControllerActionInvoker invoker, ValueTask`1 actionResultValueTask)
   at Microsoft.AspNetCore.Mvc.Infrastructure.ControllerActionInvoker.<InvokeNextActionFilterAsync>g__Awaited|10_0(ControllerActionInvoker invoker, Task lastTask, State next, Scope scope, Object state, Boolean isCompleted)
   at Microsoft.AspNetCore.Mvc.Infrastructure.ControllerActionInvoker.Rethrow(ActionExecutedContextSealed context)
   at Microsoft.AspNetCore.Mvc.Infrastructure.ControllerActionInvoker.Next(State& next, Scope& scope, Object& state, Boolean& isCompleted)
   at Microsoft.AspNetCore.Mvc.Infrastructure.ControllerActionInvoker.<InvokeInnerFilterAsync>g__Awaited|13_0(ControllerActionInvoker invoker, Task lastTask, State next, Scope scope, Object state, Boolean isCompleted)
   at Microsoft.AspNetCore.Mvc.Infrastructure.ResourceInvoker.<InvokeNextResourceFilter>g__Awaited|24_0(ResourceInvoker invoker, Task lastTask, State next, Scope scope, Object state, Boolean isCompleted)
   at Microsoft.AspNetCore.Mvc.Infrastructure.ResourceInvoker.Rethrow(ResourceExecutedContextSealed context)
   at Microsoft.AspNetCore.Mvc.Infrastructure.ResourceInvoker.Next(State& next, Scope& scope, Object& state, Boolean& isCompleted)
   at Microsoft.AspNetCore.Mvc.Infrastructure.ResourceInvoker.<InvokeFilterPipelineAsync>g__Awaited|19_0(ResourceInvoker invoker, Task lastTask, State next, Scope scope, Object state, Boolean isCompleted)
   at Microsoft.AspNetCore.Mvc.Infrastructure.ResourceInvoker.<InvokeAsync>g__Awaited|17_0(ResourceInvoker invoker, Task task, IDisposable scope)
   at Microsoft.AspNetCore.Routing.EndpointMiddleware.<Invoke>g__AwaitRequestTask|6_0(Endpoint endpoint, Task requestTask, ILogger logger)
   at Microsoft.AspNetCore.Authorization.AuthorizationMiddleware.Invoke(HttpContext context)
   at Microsoft.AspNetCore.Session.SessionMiddleware.Invoke(HttpContext context)
   at Microsoft.AspNetCore.Session.SessionMiddleware.Invoke(HttpContext context)
   at Microsoft.AspNetCore.Diagnostics.DeveloperExceptionPageMiddleware.Invoke(HttpContext context)
INFO  09:20:55 Application started. Press Ctrl+C to shut down.
INFO  09:20:55 Application started. Press Ctrl+C to shut down.
INFO  09:20:55 Hosting environment: Development
INFO  09:20:55 Hosting environment: Development
INFO  09:20:55 Content root path: E:\Cognizant Post Joining\MFRP\Pension-Management-Portal
INFO  09:20:55 Content root path: E:\Cognizant Post Joining\MFRP\Pension-Management-Portal
INFO  09:20:57 Pensioner is logging in
INFO  09:21:10 Post Login is called
INFO  09:21:15 Login Successful and token generated
INFO  09:23:24 Processing the pension began
ERROR 09:26:37 Persioner details does not match with the Csv!!
INFO  09:58:55 Post Login is called
INFO  09:58:57 Login Successful and token generated
INFO  10:00:09 Processing the pension began
INFO  10:07:08 Application started. Press Ctrl+C to shut down.
INFO  10:07:08 Application started. Press Ctrl+C to shut down.
INFO  10:07:08 Hosting environment: Development
INFO  10:07:08 Hosting environment: Development
INFO  10:07:08 Content root path: E:\Cognizant Post Joining\MFRP\Pension-Management-Portal
INFO  10:07:08 Content root path: E:\Cognizant Post Joining\MFRP\Pension-Management-Portal
INFO  10:07:09 Pensioner is logging in
INFO  10:07:42 Post Login is called
INFO  10:07:45 Login Successful and token generated
INFO  10:08:38 Processing the pension began
INFO  10:14:48 Application started. Press Ctrl+C to shut down.
INFO  10:14:48 Application started. Press Ctrl+C to shut down.
INFO  10:14:48 Hosting environment: Development
INFO  10:14:48 Hosting environment: Development
INFO  10:14:48 Content root path: E:\Cognizant Post Joining\MFRP\Pension-Management-Portal
INFO  10:14:48 Content root path: E:\Cognizant Post Joining\MFRP\Pension-Management-Portal
INFO  10:14:50 Pensioner is logging in
INFO  10:15:11 Post Login is called
INFO  10:15:14 Login Successful and token generated
INFO  10:16:33 Processing the pension began
ERROR 10:18:15 Persioner details does not match with the Csv!!
INFO  10:25:52 Application started. Press Ctrl+C to shut down.
INFO  10:25:52 Application started. Press Ctrl+C to shut down.
INFO  10:25:52 Hosting environment: Development
INFO  10:25:52 Hosting environment: Development
INFO  10:25:53 Content root path: E:\Cognizant Post Joining\MFRP\Pension-Management-Portal
INFO  10:25:53 Content root path: E:\Cognizant Post Joining\MFRP\Pension-Management-Portal
INFO  10:25:55 Pensioner is logging in
INFO  10:26:15 Post Login is called
INFO  10:26:18 Login Successful and token generated
INFO  10:27:08 Processing the pension began
ERROR 10:28:05 Persioner details does not match with the Csv!!
INFO  10:28:25 Processing the pension began
ERROR 10:28:37 Persioner details does not match with the Csv!!
INFO  10:29:55 Application started. Press Ctrl+C to shut down.
INFO  10:29:55 Application started. Press Ctrl+C to shut down.
INFO  10:29:55 Hosting environment: Development
INFO  10:29:55 Hosting environment: Development
INFO  10:29:55 Content root path: E:\Cognizant Post Joining\MFRP\Pension-Management-Portal
INFO  10:29:55 Content root path: E:\Cognizant Post Joining\MFRP\Pension-Management-Portal
INFO  10:29:57 Pensioner is logging in
INFO  10:30:18 Post Login is called
INFO  10:30:21 Login Successful and token generated
INFO  10:31:18 Processing the pension began
INFO  10:37:06 Application started. Press Ctrl+C to shut down.
INFO  10:37:06 Application started. Press Ctrl+C to shut down.
INFO  10:37:06 Hosting environment: Development
INFO  10:37:06 Hosting environment: Development
INFO  10:37:06 Content root path: E:\Cognizant Post Joining\MFRP\Pension-Management-Portal
INFO  10:37:06 Content root path: E:\Cognizant Post Joining\MFRP\Pension-Management-Portal
INFO  10:37:08 Pensioner is logging in
INFO  10:37:25 Post Login is called
INFO  10:37:27 Login Successful and token generated
INFO  10:38:27 Processing the pension began
INFO  11:42:38 Application started. Press Ctrl+C to shut down.
INFO  11:42:39 Application started. Press Ctrl+C to shut down.
INFO  11:42:39 Hosting environment: Development
INFO  11:42:39 Hosting environment: Development
INFO  11:42:39 Content root path: E:\Cognizant Post Joining\MFRP\Pension-Management-Portal
INFO  11:42:39 Content root path: E:\Cognizant Post Joining\MFRP\Pension-Management-Portal
INFO  11:42:41 Pensioner is logging in
INFO  11:43:02 Post Login is called
INFO  11:43:05 Login Successful and token generated
INFO  11:44:26 Processing the pension began
INFO  11:55:19 Application started. Press Ctrl+C to shut down.
INFO  11:55:19 Application started. Press Ctrl+C to shut down.
INFO  11:55:19 Hosting environment: Development
INFO  11:55:19 Hosting environment: Development
INFO  11:55:19 Content root path: E:\Cognizant Post Joining\MFRP\Pension-Management-Portal
INFO  11:55:19 Content root path: E:\Cognizant Post Joining\MFRP\Pension-Management-Portal
INFO  11:55:21 Pensioner is logging in
INFO  11:58:24 Post Login is called
INFO  11:58:26 Login Successful and token generated
INFO  12:00:25 Processing the pension began
ERROR 12:02:12 Some Microservice is Down!!
ERROR 12:02:12 Some Microservice is Down!!
INFO  01:14:13 Application started. Press Ctrl+C to shut down.
INFO  01:14:13 Application started. Press Ctrl+C to shut down.
INFO  01:14:13 Hosting environment: Development
INFO  01:14:13 Hosting environment: Development
INFO  01:14:13 Content root path: E:\Cognizant Post Joining\MFRP\Pension-Management-Portal
INFO  01:14:13 Content root path: E:\Cognizant Post Joining\MFRP\Pension-Management-Portal
INFO  01:14:14 Pensioner is logging in
INFO  01:14:36 Post Login is called
INFO  01:14:38 Login Successful and token generated
INFO  01:17:25 Processing the pension began
ERROR 01:19:47 Some Microservice is Down!!
ERROR 01:19:47 Some Microservice is Down!!
INFO  01:26:48 Application started. Press Ctrl+C to shut down.
INFO  01:26:48 Application started. Press Ctrl+C to shut down.
INFO  01:26:48 Hosting environment: Development
INFO  01:26:48 Hosting environment: Development
INFO  01:26:48 Content root path: E:\Cognizant Post Joining\MFRP\Pension-Management-Portal
INFO  01:26:48 Content root path: E:\Cognizant Post Joining\MFRP\Pension-Management-Portal
INFO  01:26:50 Pensioner is logging in
INFO  01:27:07 Post Login is called
INFO  01:27:09 Login Successful and token generated
INFO  01:28:13 Processing the pension began
ERROR 01:30:01 Some Microservice is Down!!
ERROR 01:30:01 Some Microservice is Down!!
INFO  01:47:24 Application started. Press Ctrl+C to shut down.
INFO  01:47:24 Application started. Press Ctrl+C to shut down.
INFO  01:47:24 Hosting environment: Development
INFO  01:47:24 Hosting environment: Development
INFO  01:47:24 Content root path: E:\Cognizant Post Joining\MFRP\Pension-Management-Portal
INFO  01:47:24 Content root path: E:\Cognizant Post Joining\MFRP\Pension-Management-Portal
INFO  01:47:25 Pensioner is logging in
INFO  01:54:52 Post Login is called
INFO  01:54:54 Login Successful and token generated
INFO  01:56:00 Processing the pension began
INFO  02:05:19 Application started. Press Ctrl+C to shut down.
INFO  02:05:19 Application started. Press Ctrl+C to shut down.
INFO  02:05:19 Hosting environment: Development
INFO  02:05:19 Hosting environment: Development
INFO  02:05:19 Content root path: E:\Cognizant Post Joining\MFRP\Pension-Management-Portal
INFO  02:05:19 Content root path: E:\Cognizant Post Joining\MFRP\Pension-Management-Portal
INFO  02:05:20 Pensioner is logging in
INFO  02:06:05 Post Login is called
INFO  02:06:07 Login Successful and token generated
INFO  02:07:30 Processing the pension began
ERROR 02:08:51 Persioner details does not match with the Csv!!
INFO  02:09:25 Processing the pension began
ERROR 02:11:05 Some Microservice is Down!!
ERROR 02:11:17 Some Microservice is Down!!
INFO  02:16:35 Application started. Press Ctrl+C to shut down.
INFO  02:16:35 Application started. Press Ctrl+C to shut down.
INFO  02:16:35 Hosting environment: Development
INFO  02:16:35 Hosting environment: Development
INFO  02:16:36 Content root path: E:\Cognizant Post Joining\MFRP\Pension-Management-Portal
INFO  02:16:36 Content root path: E:\Cognizant Post Joining\MFRP\Pension-Management-Portal
INFO  02:16:37 Pensioner is logging in
INFO  02:16:51 Post Login is called
INFO  02:16:54 Login Successful and token generated
INFO  02:17:48 Processing the pension began
INFO  02:32:05 Application started. Press Ctrl+C to shut down.
INFO  02:32:05 Application started. Press Ctrl+C to shut down.
INFO  02:32:05 Hosting environment: Development
INFO  02:32:05 Hosting environment: Development
INFO  02:32:05 Content root path: E:\Cognizant Post Joining\MFRP\Pension-Management-Portal
INFO  02:32:05 Content root path: E:\Cognizant Post Joining\MFRP\Pension-Management-Portal
INFO  02:32:07 Pensioner is logging in
INFO  02:32:27 Post Login is called
INFO  02:32:29 Login Successful and token generated
INFO  02:33:38 Processing the pension began
INFO  02:45:59 Application started. Press Ctrl+C to shut down.
INFO  02:46:00 Application started. Press Ctrl+C to shut down.
INFO  02:46:00 Hosting environment: Development
INFO  02:46:00 Hosting environment: Development
INFO  02:46:00 Content root path: E:\Cognizant Post Joining\MFRP\Pension-Management-Portal
INFO  02:46:00 Content root path: E:\Cognizant Post Joining\MFRP\Pension-Management-Portal
INFO  02:46:02 Pensioner is logging in
INFO  02:46:23 Post Login is called
INFO  02:46:26 Login Successful and token generated
INFO  02:47:19 Processing the pension began
ERROR 02:49:09 Some Microservice is Down!!
ERROR 02:49:09 Some Microservice is Down!!
INFO  02:49:21 Processing the pension began
INFO  03:00:21 Application started. Press Ctrl+C to shut down.
INFO  03:00:21 Application started. Press Ctrl+C to shut down.
INFO  03:00:22 Hosting environment: Development
INFO  03:00:22 Hosting environment: Development
INFO  03:00:22 Content root path: E:\Cognizant Post Joining\MFRP\Pension-Management-Portal
INFO  03:00:22 Content root path: E:\Cognizant Post Joining\MFRP\Pension-Management-Portal
INFO  03:00:24 Pensioner is logging in
INFO  03:00:41 Post Login is called
INFO  03:00:44 Login Successful and token generated
INFO  03:01:40 Processing the pension began
INFO  03:02:40 Pensioner details have been matched with the Csv and data is successfully saved in local Database!!
INFO  08:48:17 Application started. Press Ctrl+C to shut down.
INFO  08:48:18 Application started. Press Ctrl+C to shut down.
INFO  08:48:18 Hosting environment: Development
INFO  08:48:18 Hosting environment: Development
INFO  08:48:18 Content root path: E:\Cognizant Post Joining\MFRP\Pension-Management-Portal
INFO  08:48:18 Content root path: E:\Cognizant Post Joining\MFRP\Pension-Management-Portal
INFO  08:48:19 Pensioner is logging in
INFO  08:48:39 Post Login is called
INFO  08:48:41 Login Successful and token generated
INFO  08:50:13 Processing the pension began
INFO  08:50:29 Pensioner details have been matched with the Csv and data is successfully saved in local Database!!
INFO  10:03:21 Application started. Press Ctrl+C to shut down.
INFO  10:03:21 Application started. Press Ctrl+C to shut down.
INFO  10:03:21 Hosting environment: Development
INFO  10:03:21 Hosting environment: Development
INFO  10:03:21 Content root path: E:\Cognizant Post Joining\MFRP\Pension-Management-Portal
INFO  10:03:21 Content root path: E:\Cognizant Post Joining\MFRP\Pension-Management-Portal
INFO  10:03:22 Pensioner is logging in
INFO  10:07:37 Post Login is called
INFO  10:07:39 Login Successful and token generated
INFO  10:09:29 Processing the pension began
INFO  10:09:31 Pensioner details have been matched with the Csv and data is successfully saved in local Database!!
INFO  10:19:50 Post Login is called
INFO  10:19:50 Login failed
INFO  10:19:54 Pensioner is logging in
INFO  10:20:08 Post Login is called
INFO  10:20:08 Login Successful and token generated
INFO  10:21:10 Processing the pension began
INFO  10:21:11 Pensioner details have been matched with the Csv and data is successfully saved in local Database!!
INFO  02:20:19 Application started. Press Ctrl+C to shut down.
INFO  02:20:19 Application started. Press Ctrl+C to shut down.
INFO  02:20:19 Hosting environment: Development
INFO  02:20:19 Hosting environment: Development
INFO  02:20:19 Content root path: E:\Cognizant Post Joining\MFRP\Pension-Management-Portal
INFO  02:20:19 Content root path: E:\Cognizant Post Joining\MFRP\Pension-Management-Portal
INFO  02:20:22 Pensioner is logging in
INFO  02:20:40 Post Login is called
INFO  02:20:51 Login Successful and token generated
INFO  02:22:54 Processing the pension began
ERROR 02:23:04 Persioner details does not match with the Csv!!
INFO  02:25:12 Processing the pension began
ERROR 02:26:29 Persioner details does not match with the Csv!!
INFO  02:29:18 Application started. Press Ctrl+C to shut down.
INFO  02:29:18 Application started. Press Ctrl+C to shut down.
INFO  02:29:18 Hosting environment: Development
INFO  02:29:18 Hosting environment: Development
INFO  02:29:18 Content root path: E:\Cognizant Post Joining\MFRP\Pension-Management-Portal
INFO  02:29:18 Content root path: E:\Cognizant Post Joining\MFRP\Pension-Management-Portal
INFO  02:29:19 Pensioner is logging in
INFO  02:29:35 Post Login is called
INFO  02:29:39 Login Successful and token generated
INFO  02:31:02 Processing the pension began
INFO  02:31:08 Pensioner details have been matched with the Csv and data is successfully saved in local Database!!
INFO  02:32:06 Pensioner is not logged in
INFO  02:32:11 Pensioner is logging in
